Arguments: 
  /Users/mac/.nvm/versions/node/v9.3.0/bin/node /Users/mac/.yarn/bin/yarn.js start

PATH: 
  /Users/mac/.npm-global/bin:/Users/mac/.yarn/bin:/Users/mac/.config/yarn/global/node_modules/.bin:/Users/mac/.nvm/versions/node/v9.3.0/bin:/Library/Frameworks/Python.framework/Versions/3.6/bin:/Users/mac/.composer/vendor/bin:/usr/local/bin:/usr/bin:/bin:/usr/sbin:/sbin:/Library/Frameworks/Mono.framework/Versions/Current/Commands:/Users/mac/Library/Python/2.7/bin

Yarn version: 
  1.5.1

Node version: 
  9.3.0

Platform: 
  darwin x64

npm manifest: 
  {
    "name": "random-quote-machine",
    "version": "1.0.0",
    "description": "",
    "main": "index.js",
    "homepage" : "https://ppppbn.github.io/freecodecamp-random-quote-machine",
    "dependencies": {
      "gh-pages": "^1.1.0"
    },
    "devDependencies": {},
    "scripts": {
      "predeploy": "npm run build",
      "deploy": "gh-pages -d build",
      "test": "echo \"Error: no test specified\" && exit 1"
    },
    "repository": {
      "type": "git",
      "url": "git+https://github.com/ppppbn/freecodecamp-random-quote-machine.git"
    },
    "author": "",
    "license": "ISC",
    "bugs": {
      "url": "https://github.com/ppppbn/freecodecamp-random-quote-machine/issues"
    }
  }

yarn manifest: 
  No manifest

Lockfile: 
  No lockfile

Trace: 
  Error: Command "start" not found.
      at new MessageError (/Users/mac/.yarn/lib/cli.js:186:110)
      at /Users/mac/.yarn/lib/cli.js:87307:17
      at Generator.next (<anonymous>)
      at step (/Users/mac/.yarn/lib/cli.js:98:30)
      at /Users/mac/.yarn/lib/cli.js:116:14
      at new Promise (<anonymous>)
      at new F (/Users/mac/.yarn/lib/cli.js:23451:28)
      at /Users/mac/.yarn/lib/cli.js:95:12
      at runCommand (/Users/mac/.yarn/lib/cli.js:87312:22)
      at Object.<anonymous> (/Users/mac/.yarn/lib/cli.js:87412:14)
